Running: C:\Xilinx\14.4\ISE_DS\ISE\bin\nt64\unwrapped\fuse.exe design.DCF_77_IP_tb -o DCF_77_IP_tb_isim.exe 
ISim P.49d (signature 0x7708f090)
Number of CPUs detected in this system: 8
Turning on mult-threading, number of parallel sub-compilation jobs: 16 
Starting static elaboration
Completed static elaboration
Compiling package standard
Compiling package std_logic_1164
Compiling package numeric_std
Compiling architecture behavior of entity div_freq [div_freq_default]
Compiling architecture behavior of entity counter_nbbits [counter_nbbits_default]
Compiling architecture behavior of entity DecodeStateMachine [decodestatemachine_default]
Compiling architecture behavior of entity counter_ms_getN [counter_ms_getn_default]
Compiling architecture structure of entity decode_block [decode_block_default]
Compiling architecture behavior of entity coutner_ms [coutner_ms_default]
Compiling architecture behavioral of entity rising_edge_dectection [rising_edge_dectection_default]
Compiling architecture behavioral of entity counter_ms_oveflow [counter_ms_oveflow_default]
Compiling architecture structure of entity decode_dcf77 [decode_dcf77_default]
Compiling architecture behavior of entity frame_register [frame_register_default]
Compiling architecture behavior of entity sync_dcf77 [sync_dcf77_default]
Compiling architecture behavior of entity reg_mem_dcf77 [reg_mem_dcf77_default]
Compiling architecture behavior of entity decode_RBG [decode_rbg_default]
Compiling architecture behavior of entity CheckParity [checkparity_default]
Compiling architecture structure of entity DCF_77_IP [dcf_77_ip_default]
Compiling architecture structure of entity DCF_77_IP_stimuli [dcf_77_ip_stimuli_default]
Compiling architecture behaviour of entity dcf_77_ip_tb
Time Resolution for simulation is 1ps.
Waiting for 1 sub-compilation(s) to finish...
Compiled 36 VHDL Units
Built simulation executable DCF_77_IP_tb_isim.exe
Fuse Memory Usage: 35260 KB
Fuse CPU Usage: 498 ms
